#
# A fatal error has been detected by the Java Runtime Environment:
#
#  Internal Error (os_windows_x86.cpp:114), pid=6072, tid=4796
#  Error: guarantee(result == -1,"Unexpected result from topLevelExceptionFilter")
#
# JRE version: 6.0_17-b04
# Java VM: Java HotSpot(TM) 64-Bit Server VM (14.3-b01 mixed mode windows-amd64 )
# If you would like to submit a bug report, please visit:
#   http://java.sun.com/webapps/bugreport/crash.jsp
# The crash happened outside the Java Virtual Machine in native code.
# See problematic frame for where to report the bug.
#

---------------  T H R E A D  ---------------

Current thread (0x00000000054b4000):  JavaThread "main" [_thread_in_native, id=4796, stack(0x00000000001c0000,0x00000000041c0000)]

Stack: [0x00000000001c0000,0x00000000041c0000]
[error occurred during error reporting (printing stack bounds), id 0xc0000005]

Java frames: (J=compiled Java code, j=interpreted, Vv=VM code)
j  com.mathworks.jmi.NativeMatlab.ProcessPendingEvents()Z+0
j  com.mathworks.jmi.NativeMatlab.processPendingEvents()Z+8
j  com.mathworks.jmi.Matlab$ProcessPendingEvents.callBooleanMethod(Ljava/lang/Object;)Z+0
j  com.mathworks.util.FactoryUtils.processPendingEvents()Z+12
j  com.mathworks.widgets.desk.Desktop.canClose()Z+38
j  com.mathworks.mde.desk.MLDesktop.canClose()Z+113
j  com.mathworks.mde.desk.MLDesktop$2.call()Ljava/lang/Boolean;+4
j  com.mathworks.mde.desk.MLDesktop$2.call()Ljava/lang/Object;+1
j  com.mathworks.jmi.Matlab.isOkToExit()Z+54
v  ~StubRoutines::call_stub
J  com.mathworks.jmi.NativeMatlab.SendMatlabMessage(Ljava/lang/Object;)Ljava/lang/Object;
J  com.mathworks.jmi.Matlab.mtFevalConsoleOutput(Ljava/lang/String;[Ljava/lang/Object;I)Ljava/lang/Object;
j  com.mathworks.mde.desk.MLDesktop$9.run()V+14
j  com.mathworks.jmi.NativeMatlab.dispatchMTRequests(Z)V+57
v  ~StubRoutines::call_stub

---------------  P R O C E S S  ---------------

Java Threads: ( => current thread )
  0x00000000781a9000 JavaThread "Image Fetcher 3" daemon [_thread_blocked, id=6860, stack(0x0000000011800000,0x0000000011880000)]
  0x00000000781ac800 JavaThread "pool-8-thread-1" [_thread_blocked, id=5848, stack(0x0000000011930000,0x00000000119b0000)]
  0x00000000781ac000 JavaThread "Code Analyzer updating thread" [_thread_blocked, id=6800, stack(0x00000000120c0000,0x0000000012140000)]
  0x00000000781a9800 JavaThread "Code Analyzer updating thread" [_thread_blocked, id=2148, stack(0x0000000011a00000,0x0000000011a80000)]
  0x000000006560e800 JavaThread "AddressBar directory emptiness poller" [_thread_blocked, id=7044, stack(0x0000000011580000,0x0000000011600000)]
  0x0000000065615000 JavaThread "Timer queue for AWT thread" daemon [_thread_blocked, id=6164, stack(0x00000000116a0000,0x0000000011720000)]
  0x0000000065613800 JavaThread "Code Analyzer updating thread" [_thread_blocked, id=7092, stack(0x0000000011890000,0x0000000011910000)]
  0x0000000065616800 JavaThread "Code Analyzer updating thread" [_thread_blocked, id=2948, stack(0x0000000011600000,0x0000000011680000)]
  0x000000006561b800 JavaThread "Code Analyzer updating thread" [_thread_blocked, id=5196, stack(0x0000000011760000,0x00000000117e0000)]
  0x0000000065618000 JavaThread "Code Analyzer updating thread" [_thread_blocked, id=5856, stack(0x0000000011500000,0x0000000011580000)]
  0x0000000065616000 JavaThread "Foxtrot Single Worker Thread #1" daemon [_thread_blocked, id=5168, stack(0x0000000011420000,0x00000000114a0000)]
  0x0000000065619000 JavaThread "Code Analyzer updating thread" [_thread_blocked, id=6964, stack(0x00000000110a0000,0x0000000011120000)]
  0x000000006561b000 JavaThread "Code Analyzer updating thread" [_thread_blocked, id=4032, stack(0x0000000011220000,0x00000000112a0000)]
  0x0000000065617800 JavaThread "Code Analyzer updating thread" [_thread_blocked, id=6556, stack(0x0000000010fb0000,0x0000000011030000)]
  0x000000006561c800 JavaThread "Thread-52" [_thread_in_native, id=2912, stack(0x000000002ea40000,0x000000002eac0000)]
  0x0000000065611000 JavaThread "Code Analyzer updating thread" [_thread_blocked, id=5760, stack(0x0000000008940000,0x00000000089c0000)]
  0x0000000065619800 JavaThread "Prefs Updater" daemon [_thread_blocked, id=4048, stack(0x0000000008320000,0x00000000083a0000)]
  0x0000000065614800 JavaThread "Active Reference Queue Daemon" daemon [_thread_blocked, id=824, stack(0x00000000081c0000,0x0000000008240000)]
  0x0000000065612800 JavaThread "Timer-5" daemon [_thread_blocked, id=1000, stack(0x0000000007fc0000,0x0000000008040000)]
  0x0000000065613000 JavaThread "Timer-4" daemon [_thread_blocked, id=6108, stack(0x0000000061900000,0x0000000061980000)]
  0x0000000065611800 JavaThread "Explorer NavigationContext request queue" [_thread_blocked, id=5644, stack(0x000000005d350000,0x000000005d3d0000)]
  0x000000006560f800 JavaThread "AddressBar directory emptiness poller" [_thread_blocked, id=2124, stack(0x000000003c950000,0x000000003c9d0000)]
  0x000000006560e000 JavaThread "Timer-1" [_thread_blocked, id=3632, stack(0x0000000050fa0000,0x0000000051020000)]
  0x000000006560d000 JavaThread "TimerQueue" daemon [_thread_blocked, id=5352, stack(0x0000000048cf0000,0x0000000048d70000)]
  0x0000000065643800 JavaThread "FelixPackageAdmin" daemon [_thread_blocked, id=3504, stack(0x0000000040ad0000,0x0000000040b50000)]
  0x0000000061511800 JavaThread "FelixStartLevel" daemon [_thread_blocked, id=5784, stack(0x0000000038760000,0x00000000387e0000)]
  0x00000000615e6000 JavaThread "FelixDispatchQueue" daemon [_thread_blocked, id=1072, stack(0x000000003c8d0000,0x000000003c950000)]
  0x000000006148d000 JavaThread "AWT-EventQueue-0" [_thread_in_native, id=4992, stack(0x0000000021150000,0x00000000211d0000)]
  0x0000000061489000 JavaThread "com.google.common.base.internal.Finalizer" daemon [_thread_blocked, id=5224, stack(0x000000000f9a0000,0x000000000fa20000)]
  0x0000000061606800 JavaThread "AWT-Windows" daemon [_thread_in_native, id=5868, stack(0x000000000ff80000,0x0000000010000000)]
  0x0000000061606000 JavaThread "AWT-Shutdown" [_thread_blocked, id=2476, stack(0x000000002d400000,0x000000002d480000)]
  0x0000000061535000 JavaThread "Java2D Disposer" daemon [_thread_blocked, id=5912, stack(0x000000001d080000,0x000000001d100000)]
  0x00000000652d3000 JavaThread "Timer-0" [_thread_blocked, id=5892, stack(0x0000000010e90000,0x0000000010f10000)]
  0x0000000065200000 JavaThread "EventMgr Dispatcher" daemon [_thread_in_native, id=924, stack(0x0000000019040000,0x000000001d040000)]
  0x000000000fc0c000 JavaThread "Low Memory Detector" daemon [_thread_blocked, id=4596, stack(0x000000000fe90000,0x000000000ff10000)]
  0x000000000fc06800 JavaThread "CompilerThread1" daemon [_thread_blocked, id=3980, stack(0x000000005d3e0000,0x00000000613e0000)]
  0x000000000fbff000 JavaThread "CompilerThread0" daemon [_thread_blocked, id=4680, stack(0x0000000059330000,0x000000005d330000)]
  0x000000000fbfe800 JavaThread "Attach Listener" daemon [_thread_blocked, id=3052, stack(0x000000000fc90000,0x000000000fd10000)]
  0x000000000fba0800 JavaThread "Finalizer" daemon [_thread_blocked, id=452, stack(0x000000000fd10000,0x000000000fd90000)]
  0x000000000fb9b800 JavaThread "Reference Handler" daemon [_thread_blocked, id=6068, stack(0x000000000f8f0000,0x000000000f970000)]
=>0x00000000054b4000 JavaThread "main" [_thread_in_native, id=4796, stack(0x00000000001c0000,0x00000000041c0000)]

Other Threads:
  0x000000000fb96800 VMThread [stack: 0x0000000055300000,0x0000000059300000] [id=5532]
  0x000000000fc29800 WatcherThread [stack: 0x0000000068f30000,0x000000006cf30000] [id=5900]

VM state:not at safepoint (normal execution)

VM Mutex/Monitor currently owned by a thread: None

Heap
 PSYoungGen      total 54976K, used 52319K [0x00000000d3180000, 0x00000000d8990000, 0x00000000ec200000)
  eden space 46912K, 94% used [0x00000000d3180000,0x00000000d5cc2730,0x00000000d5f50000)
  from space 8064K, 99% used [0x00000000d6090000,0x00000000d6865568,0x00000000d6870000)
  to   space 21632K, 0% used [0x00000000d7470000,0x00000000d7470000,0x00000000d8990000)
 PSOldGen        total 135040K, used 122271K [0x0000000088000000, 0x00000000903e0000, 0x00000000d3180000)
  object space 135040K, 90% used [0x0000000088000000,0x000000008f767f00,0x00000000903e0000)
 PSPermGen       total 119616K, used 73679K [0x0000000080000000, 0x00000000874d0000, 0x0000000088000000)
  object space 119616K, 61% used [0x0000000080000000,0x00000000847f3d18,0x00000000874d0000)

Dynamic libraries:
0x000000013f7c0000 - 0x000000013f7f2000 	C:\Program Files\MATLAB\R2012a\bin\win64\MATLAB.exe
0x0000000077030000 - 0x00000000771d9000 	C:\Windows\SYSTEM32\ntdll.dll
0x0000000076e10000 - 0x0000000076f2f000 	C:\Windows\system32\kernel32.dll
0x000007fefd7d0000 - 0x000007fefd83c000 	C:\Windows\system32\KERNELBASE.dll
0x0000000074460000 - 0x0000000074554000 	C:\Program Files\MATLAB\R2012a\bin\win64\libut.dll
0x00000000758a0000 - 0x0000000075952000 	C:\Program Files\MATLAB\R2012a\bin\win64\libmwi18n.dll
0x0000000180000000 - 0x000000018000b000 	C:\Program Files\MATLAB\R2012a\bin\win64\libmwresource_core.dll
0x0000000072fe0000 - 0x00000000730b3000 	C:\Windows\WinSxS\amd64_microsoft.vc90.crt_1fc8b3b9a1e18e3b_9.0.30729.6161_none_08e61857a83bc251\MSVCP90.dll
0x0000000072df0000 - 0x0000000072e93000 	C:\Windows\WinSxS\amd64_microsoft.vc90.crt_1fc8b3b9a1e18e3b_9.0.30729.6161_none_08e61857a83bc251\MSVCR90.dll
0x000000007a170000 - 0x000000007a19c000 	C:\Program Files\MATLAB\R2012a\bin\win64\boost_filesystem-vc90-mt-1_44.dll
0x000000007a560000 - 0x000000007a569000 	C:\Program Files\MATLAB\R2012a\bin\win64\boost_system-vc90-mt-1_44.dll
0x000007fefecf0000 - 0x000007fefedcb000 	C:\Windows\system32\ADVAPI32.dll
0x000007fefd860000 - 0x000007fefd8ff000 	C:\Windows\system32\msvcrt.dll
0x000007feff0b0000 - 0x000007feff0cf000 	C:\Windows\SYSTEM32\sechost.dll
0x000007fefe8a0000 - 0x000007fefe9cd000 	C:\Windows\system32\RPCRT4.dll
0x000000007a010000 - 0x000000007a035000 	C:\Program Files\MATLAB\R2012a\bin\win64\LIBEXPAT.dll
0x0000000067080000 - 0x0000000067271000 	C:\Program Files\MATLAB\R2012a\bin\win64\icuin44.dll
0x0000000064750000 - 0x00000000648c1000 	C:\Program Files\MATLAB\R2012a\bin\win64\icuuc44.dll
0x0000000010000000 - 0x0000000010e41000 	C:\Program Files\MATLAB\R2012a\bin\win64\icudt44.dll
0x0000000073f70000 - 0x00000000740ad000 	C:\Program Files\MATLAB\R2012a\bin\win64\libmwfl.dll
0x0000000004490000 - 0x0000000004786000 	C:\Program Files\MATLAB\R2012a\bin\win64\libmwMATLAB_res.dll
0x000000007a3b0000 - 0x000000007a3c0000 	C:\Program Files\MATLAB\R2012a\bin\win64\boost_date_time-vc90-mt-1_44.dll
0x000000007a250000 - 0x000000007a263000 	C:\Program Files\MATLAB\R2012a\bin\win64\boost_signals-vc90-mt-1_44.dll
0x000000007a2d0000 - 0x000000007a2e2000 	C:\Program Files\MATLAB\R2012a\bin\win64\boost_thread-vc90-mt-1_44.dll
0x00000000041c0000 - 0x0000000004206000 	C:\Program Files\MATLAB\R2012a\bin\win64\tbb.dll
0x000007fefe880000 - 0x000007fefe899000 	C:\Windows\system32\imagehlp.dll
0x0000000077200000 - 0x0000000077207000 	C:\Windows\system32\PSAPI.DLL
0x0000000071e40000 - 0x0000000071e53000 	C:\Program Files\MATLAB\R2012a\bin\win64\icuio44.dll
0x000007fef78b0000 - 0x000007fef79d5000 	C:\Windows\system32\dbghelp.dll
0x0000000076f30000 - 0x000000007702a000 	C:\Windows\system32\USER32.dll
0x000007fefedd0000 - 0x000007fefee37000 	C:\Windows\system32\GDI32.dll
0x000007fefece0000 - 0x000007fefecee000 	C:\Windows\system32\LPK.dll
0x000007fefd900000 - 0x000007fefd9c9000 	C:\Windows\system32\USP10.dll
0x000000007bed0000 - 0x000000007c183000 	C:\Program Files\MATLAB\R2012a\bin\win64\libmwservices.dll
0x0000000075a20000 - 0x0000000075ae2000 	C:\Program Files\MATLAB\R2012a\bin\win64\libmx.dll
0x000000007a210000 - 0x000000007a228000 	C:\Program Files\MATLAB\R2012a\bin\win64\zlib1.dll
0x0000000004230000 - 0x0000000004251000 	C:\Program Files\MATLAB\R2012a\bin\win64\libmwmfl_scalar.dll
0x0000000075f10000 - 0x0000000075f5d000 	C:\Program Files\MATLAB\R2012a\bin\win64\mpath.dll
0x000000007b680000 - 0x000000007bbe1000 	C:\Program Files\MATLAB\R2012a\bin\win64\mlutil.dll
0x0000000067000000 - 0x000000006707f000 	C:\Program Files\MATLAB\R2012a\bin\win64\xmlcore.dll
0x000000007bc30000 - 0x000000007be83000 	C:\Program Files\MATLAB\R2012a\bin\win64\xerces-c_2_7.dll
0x000007feff1b0000 - 0x000007feff1fd000 	C:\Windows\system32\WS2_32.dll
0x000007fefecd0000 - 0x000007fefecd8000 	C:\Windows\system32\NSI.dll
0x00000000042b0000 - 0x00000000042ca000 	C:\Program Files\MATLAB\R2012a\bin\win64\libmwMATLAB_settings_res.dll
0x00000000042e0000 - 0x0000000004327000 	C:\Program Files\MATLAB\R2012a\bin\win64\boost_serialization-vc90-mt-1_44.dll
0x000007fefda50000 - 0x000007fefe7d8000 	C:\Windows\system32\SHELL32.dll
0x000007fefe9d0000 - 0x000007fefea41000 	C:\Windows\system32\SHLWAPI.dll
0x000007fefa280000 - 0x000007fefa320000 	C:\Windows\WinSxS\amd64_microsoft.windows.common-controls_6595b64144ccf1df_5.82.7601.17514_none_a4d6a923711520a9\COMCTL32.dll
0x000007fefec30000 - 0x000007fefecc7000 	C:\Windows\system32\COMDLG32.dll
0x000007fefaff0000 - 0x000007fefb006000 	C:\Windows\system32\NETAPI32.dll
0x000007fefca20000 - 0x000007fefca2c000 	C:\Windows\system32\netutils.dll
0x000007fefcf70000 - 0x000007fefcf93000 	C:\Windows\system32\srvcli.dll
0x000007fefafd0000 - 0x000007fefafe5000 	C:\Windows\system32\wkscli.dll
0x000007fefeea0000 - 0x000007feff0a3000 	C:\Windows\system32\ole32.dll
0x000007feff0d0000 - 0x000007feff1a7000 	C:\Windows\system32\OLEAUT32.dll
0x0000000074970000 - 0x0000000074b06000 	C:\Program Files\MATLAB\R2012a\bin\win64\mcr.dll
0x0000000075000000 - 0x000000007536b000 	C:\Program Files\MATLAB\R2012a\bin\win64\iqm.dll
0x0000000063f20000 - 0x0000000064741000 	C:\Program Files\MATLAB\R2012a\bin\win64\m_interpreter.dll
0x000000006d1e0000 - 0x000000006d205000 	C:\Program Files\MATLAB\R2012a\bin\win64\libmex.dll
0x0000000063e60000 - 0x0000000063f13000 	C:\Program Files\MATLAB\R2012a\bin\win64\m_dispatcher.dll
0x0000000074880000 - 0x000000007496d000 	C:\Program Files\MATLAB\R2012a\bin\win64\boost_regex-vc90-mt-1_44.dll
0x0000000066f70000 - 0x0000000066ff4000 	C:\Program Files\MATLAB\R2012a\bin\win64\profiler.dll
0x00000000047b0000 - 0x0000000004a05000 	C:\Program Files\MATLAB\R2012a\bin\win64\libmwmathutil.dll
0x0000000079f40000 - 0x0000000079f6d000 	C:\Program Files\MATLAB\R2012a\bin\win64\libmwmathrng.dll
0x0000000074c10000 - 0x0000000074ced000 	C:\Program Files\MATLAB\R2012a\bin\win64\libmwmathcore.dll
0x0000000076160000 - 0x00000000761cb000 	C:\Program Files\MATLAB\R2012a\bin\win64\libmwspmatrix.dll
0x0000000075ea0000 - 0x0000000075f02000 	C:\Program Files\MATLAB\R2012a\bin\win64\libmwcholmod.dll
0x000000007a460000 - 0x000000007a46d000 	C:\Program Files\MATLAB\R2012a\bin\win64\libmwamd.dll
0x000000007a4b0000 - 0x000000007a4bc000 	C:\Program Files\MATLAB\R2012a\bin\win64\libmwcolamd.dll
0x000000006f360000 - 0x000000006f379000 	C:\Program Files\MATLAB\R2012a\bin\win64\libmwblas.dll
0x000000006d1c0000 - 0x000000006d1d2000 	C:\Program Files\MATLAB\R2012a\bin\win64\libmwbinder.dll
0x0000000071660000 - 0x000000007166b000 	C:\Program Files\MATLAB\R2012a\bin\win64\libmwompwrapper.dll
0x0000000063dd0000 - 0x0000000063e56000 	C:\Program Files\MATLAB\R2012a\bin\win64\libmwlapack.dll
0x0000000068eb0000 - 0x0000000068ed1000 	C:\Program Files\MATLAB\R2012a\bin\win64\m_pcodeio.dll
0x0000000079b10000 - 0x0000000079b77000 	C:\Program Files\MATLAB\R2012a\bin\win64\m_ir.dll
0x0000000063780000 - 0x0000000063dd0000 	C:\Program Files\MATLAB\R2012a\bin\win64\m_parser.dll
0x0000000068e90000 - 0x0000000068eaa000 	C:\Program Files\MATLAB\R2012a\bin\win64\ir_xfmr.dll
0x0000000063500000 - 0x0000000063779000 	C:\Program Files\MATLAB\R2012a\bin\win64\mcos.dll
0x00000000705f0000 - 0x00000000705fc000 	C:\Program Files\MATLAB\R2012a\bin\win64\mtok.dll
0x00000000634c0000 - 0x00000000634f1000 	C:\Program Files\MATLAB\R2012a\bin\win64\m_pcodegen.dll
0x0000000079fb0000 - 0x0000000079fe7000 	C:\Program Files\MATLAB\R2012a\bin\win64\libmwbridge.dll
0x00000000633f0000 - 0x00000000634b8000 	C:\Program Files\MATLAB\R2012a\bin\win64\udd.dll
0x0000000063290000 - 0x00000000633e2000 	C:\Program Files\MATLAB\R2012a\bin\win64\libmwgui.dll
0x0000000068e70000 - 0x0000000068e87000 	C:\Program Files\MATLAB\R2012a\bin\win64\graphics_util.dll
0x00000000628e0000 - 0x0000000063283000 	C:\Program Files\MATLAB\R2012a\bin\win64\hg.dll
0x0000000004b80000 - 0x0000000004be7000 	C:\Program Files\MATLAB\R2012a\bin\win64\libmat.dll
0x0000000004c00000 - 0x0000000004e14000 	C:\Program Files\MATLAB\R2012a\bin\win64\hdf5dll.dll
0x0000000075710000 - 0x00000000757c1000 	C:\Program Files\MATLAB\R2012a\bin\win64\jmi.dll
0x0000000004e40000 - 0x0000000004e4e000 	C:\Program Files\MATLAB\R2012a\bin\win64\nativejava_services.dll
0x0000000062890000 - 0x00000000628d2000 	C:\Program Files\MATLAB\R2012a\bin\win64\libmwhardcopy.dll
0x0000000062830000 - 0x000000006288a000 	C:\Program Files\MATLAB\R2012a\bin\win64\libuij.dll
0x0000000062620000 - 0x000000006282c000 	C:\Program Files\MATLAB\R2012a\bin\win64\hgdatatypes.dll
0x0000000062520000 - 0x000000006261d000 	C:\Program Files\MATLAB\R2012a\bin\win64\hgutils.dll
0x0000000062460000 - 0x000000006251d000 	C:\Program Files\MATLAB\R2012a\bin\win64\udd_mi.dll
0x0000000004eb0000 - 0x0000000004eeb000 	C:\Program Files\MATLAB\R2012a\bin\win64\libmwgbtutils.dll
0x0000000004f00000 - 0x0000000004f19000 	C:\Program Files\MATLAB\R2012a\bin\win64\libmwgbt.dll
0x0000000004f30000 - 0x00000000051fa000 	C:\Program Files\MATLAB\R2012a\bin\win64\uiw.dll
0x000000006d1b0000 - 0x000000006d1bf000 	C:\Program Files\MATLAB\R2012a\bin\win64\uinone.dll
0x000007fef7210000 - 0x000007fef7228000 	C:\Windows\system32\MPR.dll
0x0000000061f70000 - 0x0000000062454000 	C:\Windows\WinSxS\amd64_microsoft.vc90.mfc_1fc8b3b9a1e18e3b_9.0.30729.6161_none_044aad0bab1eb146\mfc90.dll
0x000007fefa4b0000 - 0x000007fefa4b7000 	C:\Windows\system32\MSIMG32.dll
0x000007fef9ec0000 - 0x000007fef9f31000 	C:\Windows\system32\WINSPOOL.DRV
0x0000000068de0000 - 0x0000000068e00000 	C:\Program Files\MATLAB\R2012a\bin\win64\mwoles05.DLL
0x0000000061ef0000 - 0x0000000061f6c000 	C:\Program Files\MATLAB\R2012a\bin\win64\comcli.dll
0x0000000070fe0000 - 0x000000007100f000 	C:\Windows\WinSxS\amd64_microsoft.vc90.atl_1fc8b3b9a1e18e3b_9.0.30729.6161_none_0a1fd3a3a768b895\ATL90.DLL
0x0000000066f20000 - 0x0000000066f2c000 	C:\Program Files\MATLAB\R2012a\bin\win64\mlautoregister.dll
0x0000000005250000 - 0x0000000005260000 	C:\Program Files\MATLAB\R2012a\bin\win64\boost_iostreams-vc90-mt-1_44.dll
0x000007feff200000 - 0x000007feff22e000 	C:\Windows\system32\IMM32.DLL
0x000007feff230000 - 0x000007feff339000 	C:\Windows\system32\MSCTF.dll
0x000007fefbbd0000 - 0x000007fefbc26000 	C:\Windows\system32\UxTheme.dll
0x000007fefb830000 - 0x000007fefb848000 	C:\Windows\system32\dwmapi.dll
0x0000000070700000 - 0x000000007070d000 	C:\Windows\WinSxS\amd64_microsoft.vc90.mfcloc_1fc8b3b9a1e18e3b_9.0.30729.6161_none_01c9581e60cbee58\MFC90ENU.DLL
0x00000000053d0000 - 0x00000000053f9000 	C:\Program Files\MATLAB\R2012a\bin\win64\tbbmalloc.dll
0x000007fefd490000 - 0x000007fefd49f000 	C:\Windows\system32\profapi.dll
0x000007fef80a0000 - 0x000007fef80af000 	C:\Program Files\MATLAB\R2012a\bin\win64\xmlxrcsc.dll
0x000007fefd3c0000 - 0x000007fefd3cf000 	C:\Windows\system32\CRYPTBASE.dll
0x000007fefbf00000 - 0x000007fefc0f4000 	C:\Windows\WinSxS\amd64_microsoft.windows.common-controls_6595b64144ccf1df_6.0.7601.17514_none_fa396087175ac9ac\comctl32.dll
0x000007fefea50000 - 0x000007fefec27000 	C:\Windows\system32\SETUPAPI.dll
0x000007fefd6f0000 - 0x000007fefd726000 	C:\Windows\system32\CFGMGR32.dll
0x000007fefd840000 - 0x000007fefd85a000 	C:\Windows\system32\DEVOBJ.dll
0x000007fefe7e0000 - 0x000007fefe879000 	C:\Windows\system32\CLBCatQ.DLL
0x000007fefbca0000 - 0x000007fefbdcc000 	C:\Windows\system32\propsys.dll
0x000007fefc590000 - 0x000007fefc5bd000 	C:\Windows\system32\ntmarta.dll
0x000007fefee40000 - 0x000007fefee92000 	C:\Windows\system32\WLDAP32.dll
0x0000000078870000 - 0x0000000078ecd000 	C:\Program Files\MATLAB\R2012a\sys\java\jre\win64\jre\bin\server\jvm.dll
0x000007fefb470000 - 0x000007fefb4ab000 	C:\Windows\system32\WINMM.dll
0x000007fefadd0000 - 0x000007fefadf7000 	C:\Windows\system32\iphlpapi.dll
0x000007fefadc0000 - 0x000007fefadcb000 	C:\Windows\system32\WINNSI.DLL

VM Arguments:
jvm_args: -Xss512k -XX:PermSize=32m -Xms64m -XX:NewRatio=3 -XX:MaxPermSize=128m -Xmx1601m -XX:MaxDirectMemorySize=2147400000 -Dsun.java2d.noddraw=true -Dsun.awt.nopixfmt=true -Xshare:off -Xrs -Dsun.awt.disableMixing=true -Djava.library.path=C:\Program Files\MATLAB\R2012a\bin\win64 vfprintf abort 
java_command: <unknown>
Launcher Type: generic

Environment Variables:
PATH=C:\Program Files\Basler\pylon 3.1\pylon\bin\x64;C:\Program Files\Basler\pylon 3.1\pylon\bin\Win32;C:\Program Files\Basler\pylon 3.1\genicam\Bin\Win64_x64;C:\Program Files\Basler\pylon 3.1\genicam\Bin\Win32_i86;C:\Program Files (x86)\NVIDIA Corporation\PhysX\Common;C:\Program Files (x86)\MiKTeX 2.9\miktex\bin;C:\Windows\system32;C:\Windows;C:\Windows\System32\Wbem;C:\Windows\System32\WindowsPowerShell\v1.0\;C:\Program Files\Intel\DMIX;C:\Program Files\MATLAB\R2012a\runtime\win64;C:\Program Files\MATLAB\R2012a\bin;C:\Program Files\MATLAB\R2011b\runtime\win64;C:\Program Files\MATLAB\R2011b\bin;c:\Program Files (x86)\Microsoft SQL Server\100\Tools\Binn\;c:\Program Files\Microsoft SQL Server\100\Tools\Binn\;c:\Program Files\Microsoft SQL Server\100\DTS\Binn\;C:\Program Files (x86)\ggobi;C:\Program Files\Common Files\IDT\Bin64;
USERNAME=Administrator
OS=Windows_NT
PROCESSOR_IDENTIFIER=Intel64 Family 6 Model 42 Stepping 7, GenuineIntel



---------------  S Y S T E M  ---------------

OS: Windows 7 Build 7601 Service Pack 1

CPU:total 8 (8 cores per cpu, 2 threads per core) family 6 model 42 stepping 7, cmov, cx8, fxsr, mmx, sse, sse2, sse3, ssse3, sse4.1, sse4.2, ht

Memory: 4k page, physical 16751568k(11927348k free), swap 33501284k(28202160k free)

vm_info: Java HotSpot(TM) 64-Bit Server VM (14.3-b01) for windows-amd64 JRE (1.6.0_17-b04), built on Oct 11 2009 00:46:08 by "java_re" with MS VC++ 8.0

time: Tue Sep 04 12:42:50 2012
elapsed time: 5840 seconds

